mode: atomic
github.com/christiangalsterer/httpbeat/main.go:12.13,14.16 2 0
github.com/christiangalsterer/httpbeat/main.go:14.16,16.3 1 0
github.com/christiangalsterer/httpbeat/beater/httpbeat.go:19.65,25.16 3 0
github.com/christiangalsterer/httpbeat/beater/httpbeat.go:30.2,30.16 1 0
github.com/christiangalsterer/httpbeat/beater/httpbeat.go:25.16,28.3 2 0
github.com/christiangalsterer/httpbeat/beater/httpbeat.go:33.44,39.53 4 0
github.com/christiangalsterer/httpbeat/beater/httpbeat.go:45.2,45.6 1 0
github.com/christiangalsterer/httpbeat/beater/httpbeat.go:39.53,43.3 3 0
github.com/christiangalsterer/httpbeat/beater/httpbeat.go:45.6,46.10 1 0
github.com/christiangalsterer/httpbeat/beater/httpbeat.go:47.3,48.14 1 0
github.com/christiangalsterer/httpbeat/beater/httpbeat.go:53.48,55.2 1 0
github.com/christiangalsterer/httpbeat/beater/httpbeat.go:57.27,60.2 2 0
github.com/christiangalsterer/httpbeat/beater/httpevent.go:30.46,38.21 2 2
github.com/christiangalsterer/httpbeat/beater/httpevent.go:42.2,42.14 1 2
github.com/christiangalsterer/httpbeat/beater/httpevent.go:38.21,40.3 1 1
github.com/christiangalsterer/httpbeat/beater/poller.go:24.69,31.2 2 0
github.com/christiangalsterer/httpbeat/beater/poller.go:33.24,36.33 1 0
github.com/christiangalsterer/httpbeat/beater/poller.go:41.2,41.25 1 0
github.com/christiangalsterer/httpbeat/beater/poller.go:47.2,48.37 2 0
github.com/christiangalsterer/httpbeat/beater/poller.go:49.2,49.14 1 0
github.com/christiangalsterer/httpbeat/beater/poller.go:36.33,38.3 1 0
github.com/christiangalsterer/httpbeat/beater/poller.go:41.25,43.3 1 0
github.com/christiangalsterer/httpbeat/beater/poller.go:43.3,45.3 1 0
github.com/christiangalsterer/httpbeat/beater/poller.go:48.37,48.55 1 0
github.com/christiangalsterer/httpbeat/beater/poller.go:52.37,53.22 1 0
github.com/christiangalsterer/httpbeat/beater/poller.go:57.2,60.16 3 0
github.com/christiangalsterer/httpbeat/beater/poller.go:78.2,78.29 1 0
github.com/christiangalsterer/httpbeat/beater/poller.go:85.2,85.76 1 0
github.com/christiangalsterer/httpbeat/beater/poller.go:91.2,92.12 2 0
github.com/christiangalsterer/httpbeat/beater/poller.go:106.2,106.25 1 0
github.com/christiangalsterer/httpbeat/beater/poller.go:115.2,118.29 2 0
github.com/christiangalsterer/httpbeat/beater/poller.go:122.2,126.17 4 0
github.com/christiangalsterer/httpbeat/beater/poller.go:132.2,140.52 3 0
github.com/christiangalsterer/httpbeat/beater/poller.go:150.2,167.12 4 0
github.com/christiangalsterer/httpbeat/beater/poller.go:53.22,55.3 1 0
github.com/christiangalsterer/httpbeat/beater/poller.go:61.2,62.21 1 0
github.com/christiangalsterer/httpbeat/beater/poller.go:63.2,64.24 1 0
github.com/christiangalsterer/httpbeat/beater/poller.go:65.2,66.22 1 0
github.com/christiangalsterer/httpbeat/beater/poller.go:67.2,68.23 1 0
github.com/christiangalsterer/httpbeat/beater/poller.go:69.2,70.22 1 0
github.com/christiangalsterer/httpbeat/beater/poller.go:71.2,72.21 1 0
github.com/christiangalsterer/httpbeat/beater/poller.go:73.2,74.58 1 0
github.com/christiangalsterer/httpbeat/beater/poller.go:78.29,80.3 1 0
github.com/christiangalsterer/httpbeat/beater/poller.go:80.3,82.3 1 0
github.com/christiangalsterer/httpbeat/beater/poller.go:85.76,88.3 2 0
github.com/christiangalsterer/httpbeat/beater/poller.go:92.12,99.17 6 0
github.com/christiangalsterer/httpbeat/beater/poller.go:102.3,102.39 1 0
github.com/christiangalsterer/httpbeat/beater/poller.go:99.17,101.4 1 0
github.com/christiangalsterer/httpbeat/beater/poller.go:106.25,107.17 1 0
github.com/christiangalsterer/httpbeat/beater/poller.go:108.3,109.39 1 0
github.com/christiangalsterer/httpbeat/beater/poller.go:110.3,110.11 0 0
github.com/christiangalsterer/httpbeat/beater/poller.go:118.29,120.3 1 0
github.com/christiangalsterer/httpbeat/beater/poller.go:126.17,130.3 3 0
github.com/christiangalsterer/httpbeat/beater/poller.go:140.52,142.3 1 0
github.com/christiangalsterer/httpbeat/beater/poller.go:142.3,143.42 1 0
github.com/christiangalsterer/httpbeat/beater/poller.go:143.42,145.4 1 0
github.com/christiangalsterer/httpbeat/beater/poller.go:145.4,145.47 1 0
github.com/christiangalsterer/httpbeat/beater/poller.go:145.47,147.4 1 0
github.com/christiangalsterer/httpbeat/beater/poller.go:170.48,171.21 1 0
github.com/christiangalsterer/httpbeat/beater/poller.go:172.2,174.57 2 0
github.com/christiangalsterer/httpbeat/beater/poller.go:177.3,177.16 1 0
github.com/christiangalsterer/httpbeat/beater/poller.go:178.2,179.14 1 0
github.com/christiangalsterer/httpbeat/beater/poller.go:174.57,176.4 1 0
github.com/christiangalsterer/httpbeat/beater/poller.go:183.43,184.21 1 9
github.com/christiangalsterer/httpbeat/beater/poller.go:185.2,187.57 2 5
github.com/christiangalsterer/httpbeat/beater/poller.go:196.3,196.16 1 5
github.com/christiangalsterer/httpbeat/beater/poller.go:197.2,198.14 1 4
github.com/christiangalsterer/httpbeat/beater/poller.go:187.57,189.22 2 6
github.com/christiangalsterer/httpbeat/beater/poller.go:189.22,191.13 2 3
github.com/christiangalsterer/httpbeat/beater/poller.go:192.5,194.5 1 3
github.com/christiangalsterer/httpbeat/beater/poller.go:202.89,204.13 2 5
github.com/christiangalsterer/httpbeat/beater/poller.go:204.13,206.3 1 2
github.com/christiangalsterer/httpbeat/beater/poller.go:206.3,207.31 1 3
github.com/christiangalsterer/httpbeat/beater/poller.go:208.3,209.29 1 3
github.com/christiangalsterer/httpbeat/beater/poller.go:217.3,218.23 1 0
github.com/christiangalsterer/httpbeat/beater/poller.go:209.29,210.21 1 4
github.com/christiangalsterer/httpbeat/beater/poller.go:211.5,212.86 1 1
github.com/christiangalsterer/httpbeat/beater/poller.go:213.5,214.51 1 3
github.com/christiangalsterer/httpbeat/beater/poller.go:223.64,231.2 6 0
github.com/christiangalsterer/httpbeat/beater/poller.go:233.25,234.2 0 0
github.com/christiangalsterer/httpbeat/beater/poller.go:236.83,239.36 2 0
github.com/christiangalsterer/httpbeat/beater/poller.go:247.2,247.23 1 0
github.com/christiangalsterer/httpbeat/beater/poller.go:239.36,241.23 2 0
github.com/christiangalsterer/httpbeat/beater/poller.go:244.3,245.28 2 0
github.com/christiangalsterer/httpbeat/beater/poller.go:241.23,243.4 1 0
